<?xml version="1.0" encoding="UTF-8"?>
<!-- Generated by org.testng.reporters.JUnitReportReporter -->
<testsuite skipped="0" hostname="ATMECSINLT-065" name="flightBooking.OneWay" tests="3" failures="0" timestamp="06 Sep 2019 09:23:46 GMT" time="30.674" errors="0">
  <testcase name="setUp" time="0.192" classname="flightBooking.OneWay"/>
  <testcase name="homePage" time="16.967" classname="flightBooking.OneWay"/>
  <testcase name="travellerDetails" time="13.515" classname="flightBooking.OneWay"/>
</testsuite> <!-- flightBooking.OneWay -->
