<?xml version="1.0" encoding="UTF-8"?>
<!-- Generated by org.testng.reporters.JUnitReportReporter -->
<testsuite skipped="0" hostname="ATMECSINLT-065" name="flightBooking.TwoWay" tests="3" failures="0" timestamp="06 Sep 2019 06:21:39 GMT" time="74.392" errors="0">
  <testcase name="setUp" time="0.216" classname="flightBooking.TwoWay"/>
  <testcase name="search" time="37.709" classname="flightBooking.TwoWay"/>
  <testcase name="search" time="36.467" classname="flightBooking.TwoWay"/>
</testsuite> <!-- flightBooking.TwoWay -->
