<?xml version="1.0" encoding="UTF-8"?>
<!-- Generated by org.testng.reporters.JUnitReportReporter -->
<testsuite skipped="0" hostname="ATMECSINLT-065" name="com.cheapticket.flightBooking.Booking_One_Way_Flight" tests="2" failures="0" timestamp="06 Sep 2019 15:27:12 GMT" time="33.566" errors="0">
  <testcase name="readytorun" time="0.258" classname="com.cheapticket.flightBooking.Booking_One_Way_Flight"/>
  <testcase name="homePage" time="33.308" classname="com.cheapticket.flightBooking.Booking_One_Way_Flight"/>
</testsuite> <!-- com.cheapticket.flightBooking.Booking_One_Way_Flight -->
