<?xml version="1.0" encoding="UTF-8"?>
<!-- Generated by org.testng.reporters.JUnitReportReporter -->
<testsuite skipped="0" hostname="ATMECSINLT-065" name="com.cheapticket.flightBooking.Booking_Two_Way_Flight" tests="2" failures="0" timestamp="06 Sep 2019 15:27:12 GMT" time="40.647" errors="0">
  <testcase name="readytorun" time="0.602" classname="com.cheapticket.flightBooking.Booking_Two_Way_Flight"/>
  <testcase name="homepage" time="40.045" classname="com.cheapticket.flightBooking.Booking_Two_Way_Flight"/>
</testsuite> <!-- com.cheapticket.flightBooking.Booking_Two_Way_Flight -->
